<?xml version="1.0" encoding="UTF-8"?>
<!-- Generated by org.testng.reporters.JUnitXMLReporter -->
<testsuite ignored="3" hostname="LAPTOP-1E5DVH6K" failures="1" tests="1" name=" InitiateEmployees" time="7.997" errors="0" timestamp="2022-09-01T11:27:38 IST">
  <testcase classname="Baseclass.Setup" name="Chromedownload" time="7.777">
    <failure type="java.lang.NullPointerException" message="Cannot invoke &amp;quot;org.apache.poi.xssf.usermodel.XSSFSheet.getLastRowNum()&amp;quot; because &amp;quot;sheet&amp;quot; is null">
      <![CDATA[java.lang.NullPointerException: Cannot invoke "org.apache.poi.xssf.usermodel.XSSFSheet.getLastRowNum()" because "sheet" is null
at Baseclass.Setup.Chromedownload(Setup.java:61)
at java.base/java.util.ArrayList.forEach(ArrayList.java:1511)
... Removed 28 stack frames]]>
    </failure>
  </testcase> <!-- Chromedownload -->
  <testcase classname="Baseclass.Setup" name="Process" time="0.0">
    <ignored/>
  </testcase> <!-- Process -->
  <testcase classname="Baseclass.Setup" name="Login" time="0.0">
    <ignored/>
  </testcase> <!-- Login -->
  <testcase classname="Baseclass.Setup" name="Foldercreation" time="0.0">
    <ignored/>
  </testcase> <!-- Foldercreation -->
</testsuite> <!--  InitiateEmployees -->
