<?xml version="1.0" encoding="UTF-8"?>
<testng-results ignored="1" total="2" passed="0" failed="1" skipped="0">
  <reporter-output>
  </reporter-output>
  <suite started-at="2022-11-10T13:17:04 IST" name="Reportdownloading" finished-at="2022-11-10T14:04:24 IST" duration-ms="2840016">
    <groups>
    </groups>
    <test started-at="2022-11-10T13:17:04 IST" name="ReportsDownload" finished-at="2022-11-10T14:04:24 IST" duration-ms="2840016">
      <class name="Baseclass.Setup">
        <test-method is-config="true" signature="Startbrowser()[pri:0, instance:Baseclass.Setup@27406a17]" started-at="2022-11-10T13:17:04 IST" name="Startbrowser" finished-at="2022-11-10T13:17:07 IST" duration-ms="2932" status="PASS">
          <reporter-output>
          </reporter-output>
        </test-method> <!-- Startbrowser -->
        <test-method signature="Chromedownload()[pri:0, instance:Baseclass.Setup@27406a17]" started-at="2022-11-10T13:17:07 IST" name="Chromedownload" finished-at="2022-11-10T14:04:24 IST" duration-ms="2837041" status="FAIL">
          <exception class="java.lang.IllegalStateException">
            <message>
              <![CDATA[Cannot get a STRING value from a NUMERIC cell]]>
            </message>
            <full-stacktrace>
              <![CDATA[java.lang.IllegalStateException: Cannot get a STRING value from a NUMERIC cell
at org.apache.poi.xssf.usermodel.XSSFCell.typeMismatch(XSSFCell.java:1003)
at org.apache.poi.xssf.usermodel.XSSFCell.getRichStringCellValue(XSSFCell.java:389)
at org.apache.poi.xssf.usermodel.XSSFCell.getStringCellValue(XSSFCell.java:341)
at Baseclass.Setup.Chromedownload(Setup.java:67)
at java.base/jdk.internal.reflect.NativeMethodAccessorImpl.invoke0(Native Method)
at java.base/jdk.internal.reflect.NativeMethodAccessorImpl.invoke(NativeMethodAccessorImpl.java:77)
at java.base/jdk.internal.reflect.DelegatingMethodAccessorImpl.invoke(DelegatingMethodAccessorImpl.java:43)
at java.base/java.lang.reflect.Method.invoke(Method.java:568)
at org.testng.internal.invokers.MethodInvocationHelper.invokeMethod(MethodInvocationHelper.java:139)
at org.testng.internal.invokers.TestInvoker.invokeMethod(TestInvoker.java:677)
at org.testng.internal.invokers.TestInvoker.invokeTestMethod(TestInvoker.java:221)
at org.testng.internal.invokers.MethodRunner.runInSequence(MethodRunner.java:50)
at org.testng.internal.invokers.TestInvoker$MethodInvocationAgent.invoke(TestInvoker.java:962)
at org.testng.internal.invokers.TestInvoker.invokeTestMethods(TestInvoker.java:194)
at org.testng.internal.invokers.TestMethodWorker.invokeTestMethods(TestMethodWorker.java:148)
at org.testng.internal.invokers.TestMethodWorker.run(TestMethodWorker.java:128)
at java.base/java.util.concurrent.ThreadPoolExecutor.runWorker(ThreadPoolExecutor.java:1136)
at java.base/java.util.concurrent.ThreadPoolExecutor$Worker.run(ThreadPoolExecutor.java:635)
at java.base/java.lang.Thread.run(Thread.java:833)
]]>
            </full-stacktrace>
          </exception> <!-- java.lang.IllegalStateException -->
          <reporter-output>
          </reporter-output>
        </test-method> <!-- Chromedownload -->
      </class> <!-- Baseclass.Setup -->
    </test> <!-- ReportsDownload -->
  </suite> <!-- Reportdownloading -->
</testng-results>
